{
  "RSpec": {
    "coverage": {
      "/home/pesai0309/phantom_mask/app/models/mask_type.rb": {
        "lines": [
          1,
          1,
          1,
          null
        ]
      },
      "/home/pesai0309/phantom_mask/app/models/application_record.rb": {
        "lines": [
          1,
          1,
          null
        ]
      },
      "/home/pesai0309/phantom_mask/app/controllers/api/mask_types_controller.rb": {
        "lines": [
          1,
          1,
          null,
          1,
          3,
          3,
          null,
          3,
          1,
          null,
          1,
          null,
          null,
          null,
          null,
          null,
          null,
          null,
          null,
          null,
          null,
          null,
          3,
          null,
          null,
          null,
          1,
          2,
          1,
          null,
          1,
          null,
          null,
          1,
          2,
          null,
          2,
          1,
          null,
          1,
          null,
          null,
          null,
          1,
          null,
          1,
          2,
          null,
          null
        ]
      },
      "/home/pesai0309/phantom_mask/app/controllers/application_controller.rb": {
        "lines": [
          1,
          null
        ]
      },
      "/home/pesai0309/phantom_mask/app/controllers/concerns/response.rb": {
        "lines": [
          1,
          1,
          45,
          null,
          null,
          null,
          null,
          null,
          1,
          24,
          null,
          null,
          null,
          null,
          null,
          null
        ]
      },
      "/home/pesai0309/phantom_mask/app/controllers/api/masks_controller.rb": {
        "lines": [
          1,
          1,
          null,
          null,
          1,
          2,
          2,
          null,
          1,
          null,
          1,
          1,
          1,
          1,
          null,
          null,
          1,
          0,
          0,
          null,
          null,
          null,
          null,
          null,
          null,
          1,
          0,
          null,
          0,
          null,
          0,
          null,
          0,
          null,
          0,
          null,
          null,
          null,
          1,
          null,
          null,
          null,
          null,
          null,
          null,
          null,
          null,
          null,
          null,
          null,
          null,
          1,
          11,
          null,
          null,
          11,
          11,
          11,
          11,
          null,
          null,
          11,
          2,
          2,
          null,
          null,
          null,
          null,
          null,
          null,
          null,
          null,
          null,
          null,
          null,
          null,
          11,
          2,
          9,
          1,
          null,
          null,
          null,
          11,
          0,
          null,
          null,
          null,
          null,
          null,
          11,
          null,
          null,
          null,
          1,
          0,
          0,
          null,
          0,
          null,
          null
        ]
      },
      "/home/pesai0309/phantom_mask/app/models/mask.rb": {
        "lines": [
          1,
          1,
          1,
          1,
          4,
          null,
          null
        ]
      },
      "/home/pesai0309/phantom_mask/app/controllers/api/orders/analytics_controller.rb": {
        "lines": [
          1,
          1,
          null,
          null,
          1,
          1,
          1,
          null,
          1,
          null,
          1,
          null,
          null,
          null,
          null,
          null,
          null,
          null,
          1,
          null,
          null,
          null,
          null,
          1,
          0,
          null,
          0,
          null,
          null,
          null,
          null,
          null,
          0,
          null,
          null,
          null,
          null,
          null,
          0,
          null,
          null,
          null,
          null,
          null,
          null,
          null,
          null,
          null,
          null,
          1,
          null,
          null,
          null,
          1,
          1,
          1,
          null,
          1,
          null,
          null,
          null,
          null,
          null,
          1,
          null,
          null,
          null,
          null,
          null,
          null,
          1,
          null,
          null,
          null,
          null,
          null,
          null,
          1,
          null,
          null,
          null,
          0,
          null,
          null,
          null,
          null,
          null,
          0,
          null,
          null,
          null,
          null,
          null,
          null,
          null
        ]
      },
      "/home/pesai0309/phantom_mask/app/models/user.rb": {
        "lines": [
          1,
          1,
          1,
          1,
          1,
          8,
          null,
          null,
          null,
          null
        ]
      },
      "/home/pesai0309/phantom_mask/app/models/order.rb": {
        "lines": [
          1,
          1,
          1,
          1,
          null
        ]
      },
      "/home/pesai0309/phantom_mask/app/models/order_item.rb": {
        "lines": [
          1,
          1,
          1,
          null
        ]
      },
      "/home/pesai0309/phantom_mask/app/models/pharmacy.rb": {
        "lines": [
          1,
          1,
          1,
          1,
          null,
          1,
          null,
          1,
          1,
          null,
          1,
          7,
          7,
          null,
          null,
          12,
          null,
          6,
          12,
          null,
          6,
          null,
          null,
          null,
          null,
          null,
          6,
          12,
          null,
          null,
          12,
          null,
          null,
          1,
          null,
          1,
          12,
          null,
          null,
          1,
          6,
          null,
          null,
          1,
          6,
          null,
          6,
          6,
          0,
          0,
          null,
          0,
          null,
          null,
          null,
          1,
          0,
          null,
          null,
          null
        ]
      },
      "/home/pesai0309/phantom_mask/app/controllers/api/orders_controller.rb": {
        "lines": [
          1,
          1,
          null,
          null,
          1,
          6,
          null,
          null,
          6,
          1,
          1,
          null,
          null,
          null,
          null,
          6,
          null,
          null,
          6,
          null,
          null,
          6,
          null,
          null,
          6,
          null,
          null,
          null,
          6,
          1,
          null,
          null,
          null,
          6,
          1,
          null,
          6,
          null,
          6,
          null,
          null,
          null,
          null,
          null,
          null,
          null,
          null,
          0,
          null,
          null,
          null,
          null,
          null,
          null,
          null,
          null,
          null,
          null,
          6,
          null,
          null,
          null,
          1,
          2,
          null,
          1,
          null,
          null,
          null,
          null,
          null,
          null,
          1,
          null,
          null,
          null,
          null,
          null,
          null,
          null,
          null,
          1,
          null,
          1,
          null,
          null,
          null,
          1,
          4,
          4,
          4,
          null,
          4,
          6,
          null,
          3,
          3,
          null,
          3,
          3,
          3,
          null,
          3,
          3,
          null,
          3,
          3,
          null,
          null,
          6,
          3,
          null,
          3,
          null,
          null,
          1,
          null,
          null,
          1,
          1,
          1,
          null,
          null,
          null,
          1,
          1,
          1,
          null,
          null,
          1,
          null,
          null,
          0,
          null,
          0,
          0,
          0,
          null,
          null,
          null
        ]
      },
      "/home/pesai0309/phantom_mask/app/models/pharmacy_opening_hour.rb": {
        "lines": [
          1,
          1,
          null
        ]
      },
      "/home/pesai0309/phantom_mask/app/controllers/api/pharmacies_controller.rb": {
        "lines": [
          1,
          1,
          null,
          null,
          1,
          2,
          2,
          null,
          null,
          1,
          1,
          null,
          null,
          1,
          null,
          null,
          1,
          null,
          null,
          null,
          null,
          1,
          5,
          null,
          5,
          2,
          2,
          null,
          null,
          null,
          null,
          null,
          null,
          null,
          5,
          2,
          2,
          null,
          2,
          1,
          1,
          null,
          null,
          null,
          1,
          null,
          null,
          null,
          1,
          null,
          null,
          null,
          5,
          null,
          5,
          null,
          null,
          null,
          null,
          1,
          2,
          1,
          null,
          null,
          null,
          null,
          null,
          1,
          null,
          null,
          null,
          1,
          3,
          null,
          2,
          null,
          2,
          2,
          null,
          null,
          1,
          null,
          1,
          null,
          1,
          null,
          0,
          null,
          null,
          1,
          2,
          1,
          null,
          null,
          1,
          1,
          1,
          1,
          null,
          1,
          null,
          null,
          null,
          null,
          null,
          1,
          1,
          null,
          1,
          1,
          1,
          null,
          null,
          1,
          0,
          0,
          null,
          null,
          1,
          1,
          null,
          null,
          1,
          1,
          null,
          null,
          1,
          null,
          null,
          1,
          null,
          1,
          2,
          null,
          null,
          1,
          3,
          15,
          15,
          null,
          14,
          6,
          6,
          6,
          null,
          6,
          null,
          null,
          null,
          null,
          null,
          null,
          null,
          null,
          null,
          null,
          null
        ]
      },
      "/home/pesai0309/phantom_mask/lib/time_parser.rb": {
        "lines": [
          1,
          1,
          null,
          null,
          null,
          null,
          null,
          null,
          null,
          null,
          null,
          null,
          1,
          0,
          null,
          0,
          0,
          0,
          null,
          0,
          0,
          null,
          0,
          0,
          null,
          0,
          null,
          0,
          0,
          null,
          null,
          null,
          null,
          null,
          null,
          null,
          null,
          0,
          null,
          null,
          null,
          1,
          0,
          0,
          0,
          0,
          0,
          0,
          0,
          0,
          null,
          0,
          null,
          null,
          0,
          null,
          null,
          null,
          null,
          null
        ]
      },
      "/home/pesai0309/phantom_mask/app/controllers/api/mask_purchases_controller.rb": {
        "lines": [
          1,
          1,
          null,
          1,
          4,
          4,
          null,
          4,
          null,
          4,
          4,
          null,
          null,
          4,
          5,
          5,
          5,
          5,
          null,
          5,
          4,
          4,
          null,
          4,
          4,
          null,
          null,
          3,
          null,
          null,
          null,
          null,
          null,
          null,
          null,
          null,
          5,
          null,
          2,
          1,
          null,
          null,
          1,
          null,
          1,
          null,
          1,
          2,
          2,
          2,
          2,
          null,
          null,
          2,
          null,
          2,
          null,
          0,
          null,
          null,
          2,
          null,
          null,
          null,
          null,
          null,
          null,
          null,
          null,
          null,
          2,
          null,
          null,
          null,
          null,
          null,
          null,
          null,
          2,
          null,
          null,
          null,
          1,
          null,
          null,
          null,
          null,
          2,
          null,
          null,
          null,
          2,
          null,
          0,
          null,
          null,
          null
        ]
      },
      "/home/pesai0309/phantom_mask/app/models/mask_purchase.rb": {
        "lines": [
          1,
          1,
          1,
          null,
          1,
          1,
          1,
          null,
          null
        ]
      },
      "/home/pesai0309/phantom_mask/app/controllers/api/pharmacies/add_funds_controller.rb": {
        "lines": [
          1,
          1,
          null,
          null,
          1,
          3,
          3,
          null,
          2,
          2,
          null,
          1,
          null,
          1,
          null,
          null,
          null,
          null,
          null,
          null
        ]
      },
      "/home/pesai0309/phantom_mask/app/controllers/api/users_controller.rb": {
        "lines": [
          1,
          1,
          null,
          null,
          1,
          5,
          5,
          1,
          null,
          4,
          null,
          null,
          null,
          null,
          1,
          4,
          null,
          4,
          null,
          4,
          4,
          null,
          null,
          null,
          1,
          2,
          1,
          null,
          1,
          null,
          null,
          null,
          1,
          3,
          3,
          null,
          2,
          2,
          null,
          1,
          null,
          1,
          null,
          null,
          1,
          1,
          5,
          null,
          null,
          null,
          null
        ]
      },
      "/home/pesai0309/phantom_mask/app/channels/application_cable/channel.rb": {
        "lines": [
          0,
          0,
          0,
          0
        ],
        "branches": {}
      },
      "/home/pesai0309/phantom_mask/app/channels/application_cable/connection.rb": {
        "lines": [
          0,
          0,
          0,
          0
        ],
        "branches": {}
      },
      "/home/pesai0309/phantom_mask/app/jobs/application_job.rb": {
        "lines": [
          0,
          null,
          null,
          null,
          null,
          null,
          0
        ],
        "branches": {}
      },
      "/home/pesai0309/phantom_mask/app/mailers/application_mailer.rb": {
        "lines": [
          0,
          0,
          0,
          0
        ],
        "branches": {}
      }
    },
    "timestamp": 1746173554
  }
}
